<?xml version="1.0" encoding="UTF-8"?>
<!-- Generated by org.testng.reporters.JUnitReportReporter -->
<testsuite hostname="DESKTOP-2M5CEH6" failures="0" tests="1" name="com.bang.testng" time="0.015" errors="0" timestamp="2022-03-25T06:24:20 IST" skipped="0">
  <testcase classname="com.bang.testng" name="testCase" time="0.015"/>
  <system-out/>
</testsuite> <!-- com.bang.testng -->
